<?xml version="1.0" encoding="UTF-8"?>
<testsuite name="TicTacToeTest" tests="1" skipped="0" failures="0" errors="0" timestamp="2020-10-04T13:47:22" hostname="DESKTOP-639AMA1" time="0.234">
  <properties/>
  <testcase name="start" classname="TicTacToeTest" time="0.234"/>
  <system-out><![CDATA[?[1;31m
Start test 1?[0m
X O X
X O O
O X X
]]></system-out>
  <system-err><![CDATA[]]></system-err>
</testsuite>
